app/build/intermediates/manifest_merge_blame_file/debug/manifest-merger-blame-debug-report.txt
1<?xml version="1.0" encoding="utf-8"?>
2<manifest xmlns:android="http://schemas.android.com/apk/res/android"
3    package="com.example.condoapp"
4    android:versionCode="1"
5    android:versionName="1.0" >
6
7    <uses-sdk
8        android:minSdkVersion="21"
8-->src\main\AndroidManifest.xml
9        android:targetSdkVersion="32" />
9-->src\main\AndroidManifest.xml
10
11    <uses-permission android:name="android.permission.INTERNET" />
11-->src\main\AndroidManifest.xml:6:5-67
11-->src\main\AndroidManifest.xml:6:22-64
12
13    <application
13-->src\main\AndroidManifest.xml:8:5-47:19
14        android:allowBackup="true"
14-->src\main\AndroidManifest.xml:9:9-35
15        android:appComponentFactory="androidx.core.app.CoreComponentFactory"
15-->[androidx.core:core:1.7.0] AndroidManifest.xml:24:18-86
16        android:dataExtractionRules="@xml/data_extraction_rules"
16-->src\main\AndroidManifest.xml:10:9-65
17        android:debuggable="true"
18        android:fullBackupContent="@xml/backup_rules"
18-->src\main\AndroidManifest.xml:11:9-54
19        android:icon="@mipmap/ic_launcher"
19-->src\main\AndroidManifest.xml:12:9-43
20        android:label="@string/app_name"
20-->src\main\AndroidManifest.xml:13:9-41
21        android:roundIcon="@mipmap/ic_launcher_round"
21-->src\main\AndroidManifest.xml:14:9-54
22        android:supportsRtl="true"
22-->src\main\AndroidManifest.xml:15:9-35
23        android:theme="@style/Theme.CondoApp"
23-->src\main\AndroidManifest.xml:16:9-46
24        android:usesCleartextTraffic="true" >
24-->src\main\AndroidManifest.xml:17:9-44
25        <activity
25-->src\main\AndroidManifest.xml:19:9-23:20
26            android:name="com.example.condoapp.activity.IncidentReportActivity"
26-->src\main\AndroidManifest.xml:20:13-60
27            android:exported="true"
27-->src\main\AndroidManifest.xml:21:13-36
28            android:screenOrientation="portrait" >
28-->src\main\AndroidManifest.xml:22:13-49
29        </activity>
30        <activity
30-->src\main\AndroidManifest.xml:24:9-27:52
31            android:name="com.example.condoapp.activity.Announcement"
31-->src\main\AndroidManifest.xml:25:13-50
32            android:exported="false"
32-->src\main\AndroidManifest.xml:26:13-37
33            android:screenOrientation="portrait" />
33-->src\main\AndroidManifest.xml:27:13-49
34        <activity
34-->src\main\AndroidManifest.xml:28:9-31:52
35            android:name="com.example.condoapp.activity.CreateIncedentReport"
35-->src\main\AndroidManifest.xml:29:13-58
36            android:exported="false"
36-->src\main\AndroidManifest.xml:30:13-37
37            android:screenOrientation="portrait" />
37-->src\main\AndroidManifest.xml:31:13-49
38        <activity
38-->src\main\AndroidManifest.xml:32:9-37:74
39            android:name="com.example.condoapp.MainActivity"
39-->src\main\AndroidManifest.xml:33:13-41
40            android:exported="true"
40-->src\main\AndroidManifest.xml:34:13-36
41            android:label="@string/title_activity_main"
41-->src\main\AndroidManifest.xml:35:13-56
42            android:screenOrientation="portrait"
42-->src\main\AndroidManifest.xml:36:13-49
43            android:theme="@style/Theme.CondoApp.NoActionBar" />
43-->src\main\AndroidManifest.xml:37:13-62
44        <activity
44-->src\main\AndroidManifest.xml:38:9-46:20
45            android:name="com.example.condoapp.activity.LoginActivity"
45-->src\main\AndroidManifest.xml:39:13-51
46            android:exported="true"
46-->src\main\AndroidManifest.xml:40:13-36
47            android:screenOrientation="portrait" >
47-->src\main\AndroidManifest.xml:41:13-49
48            <intent-filter>
48-->src\main\AndroidManifest.xml:42:13-45:29
49                <action android:name="android.intent.action.MAIN" />
49-->src\main\AndroidManifest.xml:43:17-69
49-->src\main\AndroidManifest.xml:43:25-66
50
51                <category android:name="android.intent.category.LAUNCHER" />
51-->src\main\AndroidManifest.xml:44:17-77
51-->src\main\AndroidManifest.xml:44:27-74
52            </intent-filter>
53        </activity>
54
55        <provider
55-->[androidx.emoji2:emoji2:1.0.0] AndroidManifest.xml:26:9-34:20
56            android:name="androidx.startup.InitializationProvider"
56-->[androidx.emoji2:emoji2:1.0.0] AndroidManifest.xml:27:13-67
57            android:authorities="com.example.condoapp.androidx-startup"
57-->[androidx.emoji2:emoji2:1.0.0] AndroidManifest.xml:28:13-68
58            android:exported="false" >
58-->[androidx.emoji2:emoji2:1.0.0] AndroidManifest.xml:29:13-37
59            <meta-data
59-->[androidx.emoji2:emoji2:1.0.0] AndroidManifest.xml:31:13-33:52
60                android:name="androidx.emoji2.text.EmojiCompatInitializer"
60-->[androidx.emoji2:emoji2:1.0.0] AndroidManifest.xml:32:17-75
61                android:value="androidx.startup" />
61-->[androidx.emoji2:emoji2:1.0.0] AndroidManifest.xml:33:17-49
62            <meta-data
62-->[androidx.lifecycle:lifecycle-process:2.4.0] AndroidManifest.xml:31:13-33:52
63                android:name="androidx.lifecycle.ProcessLifecycleInitializer"
63-->[androidx.lifecycle:lifecycle-process:2.4.0] AndroidManifest.xml:32:17-78
64                android:value="androidx.startup" />
64-->[androidx.lifecycle:lifecycle-process:2.4.0] AndroidManifest.xml:33:17-49
65        </provider>
66    </application>
67
68</manifest>